2018-07-31 20:51:36 - PHP Notice:  Undefined variable: text_items in D:\OpenServer\domains\baradach.loc\catalog\view\theme\default\template\common\header.tpl on line 72
2018-07-31 20:55:18 - PHP Warning:  Illegal string offset 'text_items' in D:\OpenServer\domains\baradach.loc\catalog\view\theme\default\template\common\header.tpl on line 72
2018-07-31 20:55:41 - PHP Notice:  Use of undefined constant text_items - assumed 'text_items' in D:\OpenServer\domains\baradach.loc\catalog\view\theme\default\template\common\header.tpl on line 72
2018-07-31 21:02:07 - PHP Warning:  Illegal string offset 'text_items' in D:\OpenServer\domains\baradach.loc\catalog\controller\common\header.php on line 135
2018-07-31 21:03:30 - PHP Notice:  Trying to get property of non-object in D:\OpenServer\domains\baradach.loc\catalog\controller\common\header.php on line 135
2018-07-31 21:03:36 - PHP Notice:  Trying to get property of non-object in D:\OpenServer\domains\baradach.loc\catalog\controller\common\header.php on line 135
2018-07-31 21:03:36 - PHP Notice:  Undefined variable: test1 in D:\OpenServer\domains\baradach.loc\catalog\view\theme\default\template\common\header.tpl on line 50
2018-07-31 21:03:59 - PHP Notice:  Undefined variable: test1 in D:\OpenServer\domains\baradach.loc\catalog\view\theme\default\template\common\header.tpl on line 50
2018-07-31 21:05:30 - PHP Notice:  Undefined variable: test1 in D:\OpenServer\domains\baradach.loc\catalog\view\theme\default\template\common\header.tpl on line 50
2018-07-31 21:11:25 - PHP Unknown:  Non-static method ControllerCommonCart::index() should not be called statically, assuming $this from incompatible context in D:\OpenServer\domains\baradach.loc\catalog\controller\common\header.php on line 134
2018-07-31 21:11:47 - PHP Unknown:  Non-static method ControllerCommonCart::index() should not be called statically, assuming $this from incompatible context in D:\OpenServer\domains\baradach.loc\catalog\controller\common\header.php on line 134
2018-07-31 21:11:48 - PHP Notice:  Trying to get property of non-object in D:\OpenServer\domains\baradach.loc\catalog\controller\common\header.php on line 134
2018-07-31 21:13:21 - PHP Warning:  Missing argument 1 for Controller::__construct(), called in D:\OpenServer\domains\baradach.loc\catalog\controller\common\header.php on line 134 and defined in D:\OpenServer\domains\baradach.loc\system\engine\controller.php on line 5
2018-07-31 21:13:21 - PHP Notice:  Undefined variable: registry in D:\OpenServer\domains\baradach.loc\system\engine\controller.php on line 6
2018-07-31 21:17:12 - PHP Notice:  Trying to get property of non-object in D:\OpenServer\domains\baradach.loc\catalog\controller\common\header.php on line 135
2018-07-31 21:17:12 - PHP Notice:  Trying to get property of non-object in D:\OpenServer\domains\baradach.loc\catalog\controller\common\header.php on line 135
2018-07-31 21:21:48 - PHP Warning:  sprintf(): Too few arguments in D:\OpenServer\domains\baradach.loc\catalog\controller\common\header.php on line 135
2018-08-01 12:17:46 - PHP Warning:  sprintf(): Too few arguments in D:\OpenServer\domains\baradach.loc\catalog\controller\common\header.php on line 136
2018-08-05 11:10:39 - PHP Notice:  Error: Could not load template D:/OpenServer/domains/baradach.loc/catalog/admin/view/theme/common/header.tpl! in D:\OpenServer\domains\baradach.loc\system\storage\modification\system\library\template\php.php on line 23
2018-08-05 11:10:45 - PHP Notice:  Error: Could not load template D:/OpenServer/domains/baradach.loc/catalog/admin/view/theme/common/header.tpl! in D:\OpenServer\domains\baradach.loc\system\storage\modification\system\library\template\php.php on line 23
2018-08-05 11:11:23 - PHP Notice:  Error: Could not load template D:/OpenServer/domains/baradach.loc/catalog/admin/view/theme/common/header.tpl! in D:\OpenServer\domains\baradach.loc\system\storage\modification\system\library\template\php.php on line 23
2018-08-05 11:11:32 - PHP Notice:  Error: Could not load template D:/OpenServer/domains/baradach.loc/catalog/admin/view/theme/common/header.tpl! in D:\OpenServer\domains\baradach.loc\system\storage\modification\system\library\template\php.php on line 23
2018-08-05 11:12:25 - PHP Notice:  Error: Could not load template D:/OpenServer/domains/baradach.loc/admin/view/theme/common/header.tpl! in D:\OpenServer\domains\baradach.loc\system\storage\modification\system\library\template\php.php on line 23
